Using pre-set license
Built from '2021.3/staging' branch; Version is '2021.3.6f1 (7da38d85baf6) revision 8233869'; Using compiler version '192829333'; Build Type 'Release'
OS: 'Windows 11  (10.0.23516) 64bit Professional' Language: 'de' Physical Memory: 32678 MB
BatchMode: 1, IsHumanControllingUs: 0, StartBugReporterOnCrash: 0, Is64bit: 1, IsPro: 1

COMMAND LINE ARGUMENTS:
D:\Unity\2021.3.6f1\Editor\Unity.exe
-adb2
-batchMode
-noUpm
-name
AssetImportWorker4
-projectPath
D:/UnityProjects/Realm-Rush/Realm Rush
-logFile
Logs/AssetImportWorker4.log
-srvPort
50418
Successfully changed project path to: D:/UnityProjects/Realm-Rush/Realm Rush
D:/UnityProjects/Realm-Rush/Realm Rush
[UnityMemory] Configuration Parameters - Can be set up in boot.config
    "memorysetup-bucket-allocator-granularity=16"
    "memorysetup-bucket-allocator-bucket-count=8"
    "memorysetup-bucket-allocator-block-size=33554432"
    "memorysetup-bucket-allocator-block-count=8"
    "memorysetup-main-allocator-block-size=16777216"
    "memorysetup-thread-allocator-block-size=16777216"
    "memorysetup-gfx-main-allocator-block-size=16777216"
    "memorysetup-gfx-thread-allocator-block-size=16777216"
    "memorysetup-cache-allocator-block-size=4194304"
    "memorysetup-typetree-allocator-block-size=2097152"
    "memorysetup-profiler-bucket-allocator-granularity=16"
    "memorysetup-profiler-bucket-allocator-bucket-count=8"
    "memorysetup-profiler-bucket-allocator-block-size=33554432"
    "memorysetup-profiler-bucket-allocator-block-count=8"
    "memorysetup-profiler-allocator-block-size=16777216"
    "memorysetup-profiler-editor-allocator-block-size=1048576"
    "memorysetup-temp-allocator-size-main=16777216"
    "memorysetup-job-temp-allocator-block-size=2097152"
    "memorysetup-job-temp-allocator-block-size-background=1048576"
    "memorysetup-job-temp-allocator-reduction-small-platforms=262144"
    "memorysetup-temp-allocator-size-background-worker=32768"
    "memorysetup-temp-allocator-size-job-worker=262144"
    "memorysetup-temp-allocator-size-preload-manager=33554432"
    "memorysetup-temp-allocator-size-nav-mesh-worker=65536"
    "memorysetup-temp-allocator-size-audio-worker=65536"
    "memorysetup-temp-allocator-size-cloud-worker=32768"
    "memorysetup-temp-allocator-size-gi-baking-worker=262144"
    "memorysetup-temp-allocator-size-gfx=262144"
Refreshing native plugins compatible for Editor in 86.74 ms, found 3 plugins.
Preloading 0 native plugins for Editor in 0.00 ms.
Initialize engine version: 2021.3.6f1 (7da38d85baf6)
[Subsystems] Discovering subsystems at path D:/Unity/2021.3.6f1/Editor/Data/Resources/UnitySubsystems
[Subsystems] Discovering subsystems at path D:/UnityProjects/Realm-Rush/Realm Rush/Assets
GfxDevice: creating device client; threaded=0; jobified=0
Direct3D:
    Version:  Direct3D 11.0 [level 11.1]
    Renderer: NVIDIA GeForce RTX 4070 Ti (ID=0x2782)
    Vendor:   NVIDIA
    VRAM:     12010 MB
    Driver:   31.0.15.4537
Initialize mono
Mono path[0] = 'D:/Unity/2021.3.6f1/Editor/Data/Managed'
Mono path[1] = 'D:/Unity/2021.3.6f1/Editor/Data/MonoBleedingEdge/lib/mono/unityjit-win32'
Mono config path = 'D:/Unity/2021.3.6f1/Editor/Data/MonoBleedingEdge/etc'
Using monoOptions --debugger-agent=transport=dt_socket,embedding=1,server=y,suspend=n,address=127.0.0.1:56620
Begin MonoManager ReloadAssembly
Registering precompiled unity dll's ...
Register platform support module: D:/Unity/2021.3.6f1/Editor/Data/PlaybackEngines/WebGLSupport/UnityEditor.WebGL.Extensions.dll
Register platform support module: D:/Unity/2021.3.6f1/Editor/Data/PlaybackEngines/WindowsStandaloneSupport/UnityEditor.WindowsStandalone.Extensions.dll
Registered in 0.001790 seconds.
Native extension for WindowsStandalone target not found
Native extension for WebGL target not found
Refreshing native plugins compatible for Editor in 80.39 ms, found 3 plugins.
Preloading 0 native plugins for Editor in 0.00 ms.
Mono: successfully reloaded assembly
- Completed reload, in  0.647 seconds
Domain Reload Profiling:
	ReloadAssembly (648ms)
		BeginReloadAssembly (76ms)
			ExecutionOrderSort (0ms)
			DisableScriptedObjects (0ms)
			BackupInstance (0ms)
			ReleaseScriptingObjects (0ms)
			CreateAndSetChildDomain (1ms)
		EndReloadAssembly (468ms)
			LoadAssemblies (76ms)
			RebuildTransferFunctionScriptingTraits (0ms)
			SetupTypeCache (120ms)
			ReleaseScriptCaches (0ms)
			RebuildScriptCaches (23ms)
			SetupLoadedEditorAssemblies (280ms)
				LogAssemblyErrors (0ms)
				InitializePlatformSupportModulesInManaged (7ms)
				SetLoadedEditorAssemblies (0ms)
				RefreshPlugins (80ms)
				BeforeProcessingInitializeOnLoad (2ms)
				ProcessInitializeOnLoadAttributes (146ms)
				ProcessInitializeOnLoadMethodAttributes (44ms)
				AfterProcessingInitializeOnLoad (0ms)
				EditorAssembliesLoaded (0ms)
			ExecutionOrderSort2 (0ms)
			AwakeInstancesAfterBackupRestoration (0ms)
Platform modules already initialized, skipping
Registering precompiled user dll's ...
Registered in 0.003772 seconds.
Begin MonoManager ReloadAssembly
Symbol file LoadedFromMemory doesn't match image D:\UnityProjects\Realm-Rush\Realm Rush\Library\PackageCache\com.unity.visualscripting@1.7.8\Editor\VisualScripting.Core\Dependencies\YamlDotNet\Unity.VisualScripting.YamlDotNet.dll
Symbol file LoadedFromMemory doesn't match image D:\UnityProjects\Realm-Rush\Realm Rush\Library\PackageCache\com.unity.visualscripting@1.7.8\Editor\VisualScripting.Core\Dependencies\DotNetZip\Unity.VisualScripting.IonicZip.dll
Native extension for WindowsStandalone target not found
Native extension for WebGL target not found
Refreshing native plugins compatible for Editor in 0.48 ms, found 3 plugins.
Preloading 0 native plugins for Editor in 0.00 ms.
Mono: successfully reloaded assembly
- Completed reload, in  0.932 seconds
Domain Reload Profiling:
	ReloadAssembly (932ms)
		BeginReloadAssembly (85ms)
			ExecutionOrderSort (0ms)
			DisableScriptedObjects (5ms)
			BackupInstance (0ms)
			ReleaseScriptingObjects (0ms)
			CreateAndSetChildDomain (17ms)
		EndReloadAssembly (769ms)
			LoadAssemblies (62ms)
			RebuildTransferFunctionScriptingTraits (0ms)
			SetupTypeCache (317ms)
			ReleaseScriptCaches (1ms)
			RebuildScriptCaches (46ms)
			SetupLoadedEditorAssemblies (300ms)
				LogAssemblyErrors (0ms)
				InitializePlatformSupportModulesInManaged (4ms)
				SetLoadedEditorAssemblies (0ms)
				RefreshPlugins (1ms)
				BeforeProcessingInitializeOnLoad (65ms)
				ProcessInitializeOnLoadAttributes (204ms)
				ProcessInitializeOnLoadMethodAttributes (25ms)
				AfterProcessingInitializeOnLoad (2ms)
				EditorAssembliesLoaded (0ms)
			ExecutionOrderSort2 (0ms)
			AwakeInstancesAfterBackupRestoration (8ms)
Platform modules already initialized, skipping
========================================================================
Worker process is ready to serve import requests
Launched and connected shader compiler UnityShaderCompiler.exe after 0.07 seconds
Refreshing native plugins compatible for Editor in 1.39 ms, found 3 plugins.
Preloading 0 native plugins for Editor in 0.00 ms.
Unloading 3390 Unused Serialized files (Serialized files now loaded: 0)
Unloading 27 unused Assets / (111.2 KB). Loaded Objects now: 3848.
Memory consumption went from 118.8 MB to 118.7 MB.
Total: 3.995900 ms (FindLiveObjects: 0.244500 ms CreateObjectMapping: 0.145200 ms MarkObjects: 3.499600 ms  DeleteObjects: 0.105800 ms)

AssetImportParameters requested are different than current active one (requested -> active):
  custom:video-decoder-ogg-theora: a1e56fd34408186e4bbccfd4996cb3dc -> 
  custom:container-muxer-webm: aa71ff27fc2769a1b78a27578f13a17b -> 
  custom:container-demuxer-webm: 4f35f7cbe854078d1ac9338744f61a02 -> 
  custom:video-encoder-webm-vp8: eb34c28f22e8b96e1ab97ce403110664 -> 
  custom:audio-encoder-webm-vorbis: bf7c407c2cedff20999df2af8eb42d56 -> 
  custom:framework-win-MediaFoundation: 216162199b28c13a410421893ffa2e32 -> 
  custom:container-demuxer-ogg: 62fdf1f143b41e24485cea50d1cbac27 -> 
  custom:video-decoder-webm-vp8: 9c59270c3fd7afecdb556c50c9e8de78 -> 
  custom:audio-decoder-ogg-vorbis: bf7c407c2cedff20999df2af8eb42d56 -> 
========================================================================
Received Prepare
Registering precompiled user dll's ...
Registered in 0.003772 seconds.
Begin MonoManager ReloadAssembly
Symbol file LoadedFromMemory doesn't match image D:\UnityProjects\Realm-Rush\Realm Rush\Library\PackageCache\com.unity.visualscripting@1.7.8\Editor\VisualScripting.Core\Dependencies\YamlDotNet\Unity.VisualScripting.YamlDotNet.dll
Symbol file LoadedFromMemory doesn't match image D:\UnityProjects\Realm-Rush\Realm Rush\Library\PackageCache\com.unity.visualscripting@1.7.8\Editor\VisualScripting.Core\Dependencies\DotNetZip\Unity.VisualScripting.IonicZip.dll
Native extension for WindowsStandalone target not found
Native extension for WebGL target not found
Refreshing native plugins compatible for Editor in 0.59 ms, found 3 plugins.
Preloading 0 native plugins for Editor in 0.00 ms.
Mono: successfully reloaded assembly
- Completed reload, in  0.723 seconds
Domain Reload Profiling:
	ReloadAssembly (723ms)
		BeginReloadAssembly (101ms)
			ExecutionOrderSort (0ms)
			DisableScriptedObjects (4ms)
			BackupInstance (0ms)
			ReleaseScriptingObjects (0ms)
			CreateAndSetChildDomain (30ms)
		EndReloadAssembly (555ms)
			LoadAssemblies (56ms)
			RebuildTransferFunctionScriptingTraits (0ms)
			SetupTypeCache (183ms)
			ReleaseScriptCaches (1ms)
			RebuildScriptCaches (27ms)
			SetupLoadedEditorAssemblies (257ms)
				LogAssemblyErrors (0ms)
				InitializePlatformSupportModulesInManaged (10ms)
				SetLoadedEditorAssemblies (1ms)
				RefreshPlugins (1ms)
				BeforeProcessingInitializeOnLoad (48ms)
				ProcessInitializeOnLoadAttributes (172ms)
				ProcessInitializeOnLoadMethodAttributes (24ms)
				AfterProcessingInitializeOnLoad (2ms)
				EditorAssembliesLoaded (0ms)
			ExecutionOrderSort2 (0ms)
			AwakeInstancesAfterBackupRestoration (9ms)
Platform modules already initialized, skipping
Refreshing native plugins compatible for Editor in 2.02 ms, found 3 plugins.
Preloading 0 native plugins for Editor in 0.00 ms.
Unloading 3372 Unused Serialized files (Serialized files now loaded: 0)
Unloading 20 unused Assets / (78.6 KB). Loaded Objects now: 3851.
Memory consumption went from 117.4 MB to 117.4 MB.
Total: 3.136900 ms (FindLiveObjects: 0.196100 ms CreateObjectMapping: 0.064000 ms MarkObjects: 2.781100 ms  DeleteObjects: 0.095100 ms)

AssetImportParameters requested are different than current active one (requested -> active):
  custom:video-decoder-ogg-theora: a1e56fd34408186e4bbccfd4996cb3dc -> 
  custom:container-muxer-webm: aa71ff27fc2769a1b78a27578f13a17b -> 
  custom:container-demuxer-webm: 4f35f7cbe854078d1ac9338744f61a02 -> 
  custom:video-encoder-webm-vp8: eb34c28f22e8b96e1ab97ce403110664 -> 
  custom:audio-encoder-webm-vorbis: bf7c407c2cedff20999df2af8eb42d56 -> 
  custom:framework-win-MediaFoundation: 216162199b28c13a410421893ffa2e32 -> 
  custom:container-demuxer-ogg: 62fdf1f143b41e24485cea50d1cbac27 -> 
  custom:video-decoder-webm-vp8: 9c59270c3fd7afecdb556c50c9e8de78 -> 
  custom:audio-decoder-ogg-vorbis: bf7c407c2cedff20999df2af8eb42d56 -> 
========================================================================
Received Prepare
Registering precompiled user dll's ...
Registered in 0.003451 seconds.
Begin MonoManager ReloadAssembly
Symbol file LoadedFromMemory doesn't match image D:\UnityProjects\Realm-Rush\Realm Rush\Library\PackageCache\com.unity.visualscripting@1.7.8\Editor\VisualScripting.Core\Dependencies\YamlDotNet\Unity.VisualScripting.YamlDotNet.dll
Symbol file LoadedFromMemory doesn't match image D:\UnityProjects\Realm-Rush\Realm Rush\Library\PackageCache\com.unity.visualscripting@1.7.8\Editor\VisualScripting.Core\Dependencies\DotNetZip\Unity.VisualScripting.IonicZip.dll
Native extension for WindowsStandalone target not found
Native extension for WebGL target not found
Refreshing native plugins compatible for Editor in 0.66 ms, found 3 plugins.
Preloading 0 native plugins for Editor in 0.00 ms.
Mono: successfully reloaded assembly
- Completed reload, in  0.738 seconds
Domain Reload Profiling:
	ReloadAssembly (739ms)
		BeginReloadAssembly (106ms)
			ExecutionOrderSort (0ms)
			DisableScriptedObjects (4ms)
			BackupInstance (0ms)
			ReleaseScriptingObjects (0ms)
			CreateAndSetChildDomain (33ms)
		EndReloadAssembly (562ms)
			LoadAssemblies (60ms)
			RebuildTransferFunctionScriptingTraits (0ms)
			SetupTypeCache (178ms)
			ReleaseScriptCaches (1ms)
			RebuildScriptCaches (28ms)
			SetupLoadedEditorAssemblies (265ms)
				LogAssemblyErrors (0ms)
				InitializePlatformSupportModulesInManaged (9ms)
				SetLoadedEditorAssemblies (1ms)
				RefreshPlugins (1ms)
				BeforeProcessingInitializeOnLoad (48ms)
				ProcessInitializeOnLoadAttributes (179ms)
				ProcessInitializeOnLoadMethodAttributes (26ms)
				AfterProcessingInitializeOnLoad (2ms)
				EditorAssembliesLoaded (0ms)
			ExecutionOrderSort2 (0ms)
			AwakeInstancesAfterBackupRestoration (8ms)
Platform modules already initialized, skipping
Refreshing native plugins compatible for Editor in 1.52 ms, found 3 plugins.
Preloading 0 native plugins for Editor in 0.00 ms.
Unloading 3372 Unused Serialized files (Serialized files now loaded: 0)
Unloading 20 unused Assets / (78.4 KB). Loaded Objects now: 3854.
Memory consumption went from 117.5 MB to 117.4 MB.
Total: 3.197600 ms (FindLiveObjects: 0.220500 ms CreateObjectMapping: 0.167400 ms MarkObjects: 2.710800 ms  DeleteObjects: 0.098200 ms)

AssetImportParameters requested are different than current active one (requested -> active):
  custom:video-decoder-ogg-theora: a1e56fd34408186e4bbccfd4996cb3dc -> 
  custom:container-muxer-webm: aa71ff27fc2769a1b78a27578f13a17b -> 
  custom:container-demuxer-webm: 4f35f7cbe854078d1ac9338744f61a02 -> 
  custom:video-encoder-webm-vp8: eb34c28f22e8b96e1ab97ce403110664 -> 
  custom:audio-encoder-webm-vorbis: bf7c407c2cedff20999df2af8eb42d56 -> 
  custom:framework-win-MediaFoundation: 216162199b28c13a410421893ffa2e32 -> 
  custom:container-demuxer-ogg: 62fdf1f143b41e24485cea50d1cbac27 -> 
  custom:video-decoder-webm-vp8: 9c59270c3fd7afecdb556c50c9e8de78 -> 
  custom:audio-decoder-ogg-vorbis: bf7c407c2cedff20999df2af8eb42d56 -> 
========================================================================
Received Prepare
Registering precompiled user dll's ...
Registered in 0.003828 seconds.
Begin MonoManager ReloadAssembly
Symbol file LoadedFromMemory doesn't match image D:\UnityProjects\Realm-Rush\Realm Rush\Library\PackageCache\com.unity.visualscripting@1.7.8\Editor\VisualScripting.Core\Dependencies\YamlDotNet\Unity.VisualScripting.YamlDotNet.dll
Symbol file LoadedFromMemory doesn't match image D:\UnityProjects\Realm-Rush\Realm Rush\Library\PackageCache\com.unity.visualscripting@1.7.8\Editor\VisualScripting.Core\Dependencies\DotNetZip\Unity.VisualScripting.IonicZip.dll
Native extension for WindowsStandalone target not found
Native extension for WebGL target not found
Refreshing native plugins compatible for Editor in 1.12 ms, found 3 plugins.
Preloading 0 native plugins for Editor in 0.00 ms.
Mono: successfully reloaded assembly
- Completed reload, in  0.814 seconds
Domain Reload Profiling:
	ReloadAssembly (815ms)
		BeginReloadAssembly (113ms)
			ExecutionOrderSort (0ms)
			DisableScriptedObjects (4ms)
			BackupInstance (0ms)
			ReleaseScriptingObjects (0ms)
			CreateAndSetChildDomain (40ms)
		EndReloadAssembly (628ms)
			LoadAssemblies (59ms)
			RebuildTransferFunctionScriptingTraits (0ms)
			SetupTypeCache (202ms)
			ReleaseScriptCaches (2ms)
			RebuildScriptCaches (36ms)
			SetupLoadedEditorAssemblies (282ms)
				LogAssemblyErrors (0ms)
				InitializePlatformSupportModulesInManaged (14ms)
				SetLoadedEditorAssemblies (0ms)
				RefreshPlugins (1ms)
				BeforeProcessingInitializeOnLoad (51ms)
				ProcessInitializeOnLoadAttributes (186ms)
				ProcessInitializeOnLoadMethodAttributes (28ms)
				AfterProcessingInitializeOnLoad (2ms)
				EditorAssembliesLoaded (0ms)
			ExecutionOrderSort2 (0ms)
			AwakeInstancesAfterBackupRestoration (8ms)
Platform modules already initialized, skipping
Refreshing native plugins compatible for Editor in 1.75 ms, found 3 plugins.
Preloading 0 native plugins for Editor in 0.00 ms.
Unloading 3372 Unused Serialized files (Serialized files now loaded: 0)
Unloading 20 unused Assets / (78.4 KB). Loaded Objects now: 3857.
Memory consumption went from 117.5 MB to 117.4 MB.
Total: 3.747400 ms (FindLiveObjects: 0.288500 ms CreateObjectMapping: 0.074300 ms MarkObjects: 3.250500 ms  DeleteObjects: 0.133000 ms)

AssetImportParameters requested are different than current active one (requested -> active):
  custom:video-decoder-ogg-theora: a1e56fd34408186e4bbccfd4996cb3dc -> 
  custom:container-muxer-webm: aa71ff27fc2769a1b78a27578f13a17b -> 
  custom:container-demuxer-webm: 4f35f7cbe854078d1ac9338744f61a02 -> 
  custom:video-encoder-webm-vp8: eb34c28f22e8b96e1ab97ce403110664 -> 
  custom:audio-encoder-webm-vorbis: bf7c407c2cedff20999df2af8eb42d56 -> 
  custom:framework-win-MediaFoundation: 216162199b28c13a410421893ffa2e32 -> 
  custom:container-demuxer-ogg: 62fdf1f143b41e24485cea50d1cbac27 -> 
  custom:video-decoder-webm-vp8: 9c59270c3fd7afecdb556c50c9e8de78 -> 
  custom:audio-decoder-ogg-vorbis: bf7c407c2cedff20999df2af8eb42d56 -> 
========================================================================
Received Import Request.
  Time since last request: 20745.417361 seconds.
  path: Assets/AssetsPacks/VoxelCastle/Prefabs/Bolt.prefab
  artifactKey: Guid(7362a7dc6d14d7748953ae63138db72f) Importer(815301076,1909f56bfc062723c751e8b465ee728b)
Start importing Assets/AssetsPacks/VoxelCastle/Prefabs/Bolt.prefab using Guid(7362a7dc6d14d7748953ae63138db72f) Importer(815301076,1909f56bfc062723c751e8b465ee728b)  -> (artifact id: '5de90178236d644b55204c0ad3a6f4e5') in 0.113971 seconds 
========================================================================
Received Prepare
Registering precompiled user dll's ...
Registered in 0.003357 seconds.
Begin MonoManager ReloadAssembly
Symbol file LoadedFromMemory doesn't match image D:\UnityProjects\Realm-Rush\Realm Rush\Library\PackageCache\com.unity.visualscripting@1.7.8\Editor\VisualScripting.Core\Dependencies\YamlDotNet\Unity.VisualScripting.YamlDotNet.dll
Symbol file LoadedFromMemory doesn't match image D:\UnityProjects\Realm-Rush\Realm Rush\Library\PackageCache\com.unity.visualscripting@1.7.8\Editor\VisualScripting.Core\Dependencies\DotNetZip\Unity.VisualScripting.IonicZip.dll
Native extension for WindowsStandalone target not found
Native extension for WebGL target not found
Refreshing native plugins compatible for Editor in 0.70 ms, found 3 plugins.
Preloading 0 native plugins for Editor in 0.00 ms.
Mono: successfully reloaded assembly
- Completed reload, in  0.759 seconds
Domain Reload Profiling:
	ReloadAssembly (760ms)
		BeginReloadAssembly (104ms)
			ExecutionOrderSort (0ms)
			DisableScriptedObjects (5ms)
			BackupInstance (0ms)
			ReleaseScriptingObjects (0ms)
			CreateAndSetChildDomain (33ms)
		EndReloadAssembly (586ms)
			LoadAssemblies (60ms)
			RebuildTransferFunctionScriptingTraits (0ms)
			SetupTypeCache (188ms)
			ReleaseScriptCaches (1ms)
			RebuildScriptCaches (29ms)
			SetupLoadedEditorAssemblies (265ms)
				LogAssemblyErrors (0ms)
				InitializePlatformSupportModulesInManaged (11ms)
				SetLoadedEditorAssemblies (0ms)
				RefreshPlugins (1ms)
				BeforeProcessingInitializeOnLoad (50ms)
				ProcessInitializeOnLoadAttributes (178ms)
				ProcessInitializeOnLoadMethodAttributes (23ms)
				AfterProcessingInitializeOnLoad (2ms)
				EditorAssembliesLoaded (0ms)
			ExecutionOrderSort2 (0ms)
			AwakeInstancesAfterBackupRestoration (7ms)
Platform modules already initialized, skipping
Refreshing native plugins compatible for Editor in 1.62 ms, found 3 plugins.
Preloading 0 native plugins for Editor in 0.00 ms.
Unloading 3372 Unused Serialized files (Serialized files now loaded: 0)
Unloading 20 unused Assets / (78.3 KB). Loaded Objects now: 3866.
Memory consumption went from 121.9 MB to 121.8 MB.
Total: 3.712200 ms (FindLiveObjects: 0.274800 ms CreateObjectMapping: 0.110500 ms MarkObjects: 3.218300 ms  DeleteObjects: 0.107800 ms)

AssetImportParameters requested are different than current active one (requested -> active):
  custom:video-decoder-ogg-theora: a1e56fd34408186e4bbccfd4996cb3dc -> 
  custom:container-muxer-webm: aa71ff27fc2769a1b78a27578f13a17b -> 
  custom:container-demuxer-webm: 4f35f7cbe854078d1ac9338744f61a02 -> 
  custom:video-encoder-webm-vp8: eb34c28f22e8b96e1ab97ce403110664 -> 
  custom:audio-encoder-webm-vorbis: bf7c407c2cedff20999df2af8eb42d56 -> 
  custom:framework-win-MediaFoundation: 216162199b28c13a410421893ffa2e32 -> 
  custom:container-demuxer-ogg: 62fdf1f143b41e24485cea50d1cbac27 -> 
  custom:video-decoder-webm-vp8: 9c59270c3fd7afecdb556c50c9e8de78 -> 
  custom:audio-decoder-ogg-vorbis: bf7c407c2cedff20999df2af8eb42d56 -> 
========================================================================
Received Import Request.
  Time since last request: 1134.256066 seconds.
  path: Assets/Tiles/Tree_Group.prefab
  artifactKey: Guid(c873095a54b578d478ca2a4118c4bfd8) Importer(815301076,1909f56bfc062723c751e8b465ee728b)
Start importing Assets/Tiles/Tree_Group.prefab using Guid(c873095a54b578d478ca2a4118c4bfd8) Importer(815301076,1909f56bfc062723c751e8b465ee728b)  -> (artifact id: '314afe19c40348abb296b46223e99df1') in 0.068674 seconds 
========================================================================
Received Import Request.
  Time since last request: 102.913439 seconds.
  path: Assets/Tiles/Large_Tree.prefab
  artifactKey: Guid(c71b11922e20eef45a64c85a09b5dfa7) Importer(815301076,1909f56bfc062723c751e8b465ee728b)
Start importing Assets/Tiles/Large_Tree.prefab using Guid(c71b11922e20eef45a64c85a09b5dfa7) Importer(815301076,1909f56bfc062723c751e8b465ee728b)  -> (artifact id: '99a8bd5e8782450c30c777792894ae0f') in 0.037562 seconds 
========================================================================
Received Import Request.
  Time since last request: 225.662012 seconds.
  path: Assets/Tiles/Tile_Water.prefab
  artifactKey: Guid(3a2d9268e67feb9489649807be091626) Importer(815301076,1909f56bfc062723c751e8b465ee728b)
Start importing Assets/Tiles/Tile_Water.prefab using Guid(3a2d9268e67feb9489649807be091626) Importer(815301076,1909f56bfc062723c751e8b465ee728b)  -> (artifact id: '55b7ca6bd941e259f63ff826a53c3993') in 0.056154 seconds 
========================================================================
Received Import Request.
  Time since last request: 132.219366 seconds.
  path: Assets/Tiles/(0, 0).prefab
  artifactKey: Guid(3a2d9268e67feb9489649807be091626) Importer(815301076,1909f56bfc062723c751e8b465ee728b)
Start importing Assets/Tiles/(0, 0).prefab using Guid(3a2d9268e67feb9489649807be091626) Importer(815301076,1909f56bfc062723c751e8b465ee728b)  -> (artifact id: '55b74c41952a489cb4b34657475d5927') in 0.031590 seconds 
========================================================================
Received Import Request.
  Time since last request: 6.085824 seconds.
  path: Assets/Tiles/(0, 0).prefab
  artifactKey: Guid(3a2d9268e67feb9489649807be091626) Importer(815301076,1909f56bfc062723c751e8b465ee728b)
Start importing Assets/Tiles/(0, 0).prefab using Guid(3a2d9268e67feb9489649807be091626) Importer(815301076,1909f56bfc062723c751e8b465ee728b)  -> (artifact id: '696d59a967ddaeee599635b724b35ea0') in 0.023352 seconds 
========================================================================
Received Import Request.
  Time since last request: 33.398658 seconds.
  path: Assets/Tiles/Tile_Water.prefab
  artifactKey: Guid(c1c8a5e644a8a66409f98e69ef59ed0e) Importer(815301076,1909f56bfc062723c751e8b465ee728b)
Start importing Assets/Tiles/Tile_Water.prefab using Guid(c1c8a5e644a8a66409f98e69ef59ed0e) Importer(815301076,1909f56bfc062723c751e8b465ee728b)  -> (artifact id: 'f9e6b591cd4e933a3cbe47c637ed93aa') in 0.049947 seconds 
========================================================================
Received Import Request.
  Time since last request: 25.115985 seconds.
  path: Assets/Tiles/Tile_Water.prefab
  artifactKey: Guid(c1c8a5e644a8a66409f98e69ef59ed0e) Importer(815301076,1909f56bfc062723c751e8b465ee728b)
Start importing Assets/Tiles/Tile_Water.prefab using Guid(c1c8a5e644a8a66409f98e69ef59ed0e) Importer(815301076,1909f56bfc062723c751e8b465ee728b)  -> (artifact id: 'd532bc020a9015cf34ba3fb91d182d0d') in 0.025821 seconds 
========================================================================
Received Import Request.
  Time since last request: 56.736185 seconds.
  path: Assets/Tiles/Tile_Shore_Straight.prefab
  artifactKey: Guid(b7faa459dea85614480df3bb3c4695a8) Importer(815301076,1909f56bfc062723c751e8b465ee728b)
Start importing Assets/Tiles/Tile_Shore_Straight.prefab using Guid(b7faa459dea85614480df3bb3c4695a8) Importer(815301076,1909f56bfc062723c751e8b465ee728b)  -> (artifact id: '37a173e1ba2b64c54d5ff1fd807548da') in 0.039248 seconds 
========================================================================
Received Import Request.
  Time since last request: 6.144441 seconds.
  path: Assets/Tiles/Tile_Shore_Straight.prefab
  artifactKey: Guid(b7faa459dea85614480df3bb3c4695a8) Importer(815301076,1909f56bfc062723c751e8b465ee728b)
Start importing Assets/Tiles/Tile_Shore_Straight.prefab using Guid(b7faa459dea85614480df3bb3c4695a8) Importer(815301076,1909f56bfc062723c751e8b465ee728b)  -> (artifact id: '4c5aac78ea7dec10dde04d6cc4145549') in 0.046587 seconds 
========================================================================
Received Import Request.
  Time since last request: 7.118404 seconds.
  path: Assets/Tiles/Tile_Shore_Straight.prefab
  artifactKey: Guid(b7faa459dea85614480df3bb3c4695a8) Importer(815301076,1909f56bfc062723c751e8b465ee728b)
Start importing Assets/Tiles/Tile_Shore_Straight.prefab using Guid(b7faa459dea85614480df3bb3c4695a8) Importer(815301076,1909f56bfc062723c751e8b465ee728b)  -> (artifact id: '7a286f0a6bc10fd1d02ba3e60d94b3d0') in 0.029395 seconds 
========================================================================
Received Import Request.
  Time since last request: 4.395996 seconds.
  path: Assets/Tiles/Tile_Shore_Straight.prefab
  artifactKey: Guid(b7faa459dea85614480df3bb3c4695a8) Importer(815301076,1909f56bfc062723c751e8b465ee728b)
Start importing Assets/Tiles/Tile_Shore_Straight.prefab using Guid(b7faa459dea85614480df3bb3c4695a8) Importer(815301076,1909f56bfc062723c751e8b465ee728b)  -> (artifact id: '8662c73c7996fb46ed69237e0221eb0b') in 0.043668 seconds 
========================================================================
Received Import Request.
  Time since last request: 4.478219 seconds.
  path: Assets/Tiles/Tile_Shore_Straight.prefab
  artifactKey: Guid(b7faa459dea85614480df3bb3c4695a8) Importer(815301076,1909f56bfc062723c751e8b465ee728b)
Start importing Assets/Tiles/Tile_Shore_Straight.prefab using Guid(b7faa459dea85614480df3bb3c4695a8) Importer(815301076,1909f56bfc062723c751e8b465ee728b)  -> (artifact id: '4a5831a71f041b08621e146a673484a1') in 0.027613 seconds 
========================================================================
Received Import Request.
  Time since last request: 28.275243 seconds.
  path: Assets/Tiles/Tile_Shore_Little_Corner.prefab
  artifactKey: Guid(6d567c0ee8583d04a8e7e3a834d7058a) Importer(815301076,1909f56bfc062723c751e8b465ee728b)
Start importing Assets/Tiles/Tile_Shore_Little_Corner.prefab using Guid(6d567c0ee8583d04a8e7e3a834d7058a) Importer(815301076,1909f56bfc062723c751e8b465ee728b)  -> (artifact id: '397e2853b8ed231b83b2f95644c254e7') in 0.046638 seconds 
========================================================================
Received Import Request.
  Time since last request: 15.264152 seconds.
  path: Assets/Tiles/Tile_Shore_Little_Corner.prefab
  artifactKey: Guid(6d567c0ee8583d04a8e7e3a834d7058a) Importer(815301076,1909f56bfc062723c751e8b465ee728b)
Start importing Assets/Tiles/Tile_Shore_Little_Corner.prefab using Guid(6d567c0ee8583d04a8e7e3a834d7058a) Importer(815301076,1909f56bfc062723c751e8b465ee728b)  -> (artifact id: '8f64aeaae7108f5a22fc99e8501d09bc') in 0.027982 seconds 
========================================================================
Received Import Request.
  Time since last request: 3.792608 seconds.
  path: Assets/Tiles/Tile_Shore_Little_Corner.prefab
  artifactKey: Guid(6d567c0ee8583d04a8e7e3a834d7058a) Importer(815301076,1909f56bfc062723c751e8b465ee728b)
Start importing Assets/Tiles/Tile_Shore_Little_Corner.prefab using Guid(6d567c0ee8583d04a8e7e3a834d7058a) Importer(815301076,1909f56bfc062723c751e8b465ee728b)  -> (artifact id: 'f4fbbd93faef671accf0f5cc4055425e') in 0.026140 seconds 
========================================================================
Received Import Request.
  Time since last request: 17.372914 seconds.
  path: Assets/Tiles/Tile_Shore_Big_Corner.prefab
  artifactKey: Guid(a048ad436a1926c4191be62f83ae2e83) Importer(815301076,1909f56bfc062723c751e8b465ee728b)
Start importing Assets/Tiles/Tile_Shore_Big_Corner.prefab using Guid(a048ad436a1926c4191be62f83ae2e83) Importer(815301076,1909f56bfc062723c751e8b465ee728b)  -> (artifact id: '0f73dd8491fde032cd12020d1cee89be') in 0.053551 seconds 
========================================================================
Received Import Request.
  Time since last request: 12.872706 seconds.
  path: Assets/Tiles/Tile_Shore_Big_Corner.prefab
  artifactKey: Guid(a048ad436a1926c4191be62f83ae2e83) Importer(815301076,1909f56bfc062723c751e8b465ee728b)
Start importing Assets/Tiles/Tile_Shore_Big_Corner.prefab using Guid(a048ad436a1926c4191be62f83ae2e83) Importer(815301076,1909f56bfc062723c751e8b465ee728b)  -> (artifact id: '9d8c13de9567f9f0ebf3b0465345b369') in 0.037989 seconds 
========================================================================
Received Import Request.
  Time since last request: 2.909219 seconds.
  path: Assets/Tiles/Tile_Shore_Big_Corner.prefab
  artifactKey: Guid(a048ad436a1926c4191be62f83ae2e83) Importer(815301076,1909f56bfc062723c751e8b465ee728b)
Start importing Assets/Tiles/Tile_Shore_Big_Corner.prefab using Guid(a048ad436a1926c4191be62f83ae2e83) Importer(815301076,1909f56bfc062723c751e8b465ee728b)  -> (artifact id: 'bae678e3f155e279c7e1acba6627b789') in 0.028784 seconds 
========================================================================
Received Import Request.
  Time since last request: 2.466692 seconds.
  path: Assets/Tiles/Tile_Shore_Big_Corner.prefab
  artifactKey: Guid(a048ad436a1926c4191be62f83ae2e83) Importer(815301076,1909f56bfc062723c751e8b465ee728b)
Start importing Assets/Tiles/Tile_Shore_Big_Corner.prefab using Guid(a048ad436a1926c4191be62f83ae2e83) Importer(815301076,1909f56bfc062723c751e8b465ee728b)  -> (artifact id: 'add2ca955f6dc8537221da8b274ffdc6') in 0.034072 seconds 
========================================================================
Received Import Request.
  Time since last request: 2.226444 seconds.
  path: Assets/Tiles/Tile_Shore_Big_Corner.prefab
  artifactKey: Guid(a048ad436a1926c4191be62f83ae2e83) Importer(815301076,1909f56bfc062723c751e8b465ee728b)
Start importing Assets/Tiles/Tile_Shore_Big_Corner.prefab using Guid(a048ad436a1926c4191be62f83ae2e83) Importer(815301076,1909f56bfc062723c751e8b465ee728b)  -> (artifact id: 'f22b5dea9dac5e12c4b92f1a120249ad') in 0.029357 seconds 
========================================================================
Received Import Request.
  Time since last request: 3.003646 seconds.
  path: Assets/Tiles/Tile_Shore_Big_Corner.prefab
  artifactKey: Guid(a048ad436a1926c4191be62f83ae2e83) Importer(815301076,1909f56bfc062723c751e8b465ee728b)
Start importing Assets/Tiles/Tile_Shore_Big_Corner.prefab using Guid(a048ad436a1926c4191be62f83ae2e83) Importer(815301076,1909f56bfc062723c751e8b465ee728b)  -> (artifact id: '40fa32eca4088419aea46ff821064a2a') in 0.036739 seconds 
========================================================================
Received Import Request.
  Time since last request: 6.661990 seconds.
  path: Assets/Tiles/Tile_Shore_Big_Corner.prefab
  artifactKey: Guid(a048ad436a1926c4191be62f83ae2e83) Importer(815301076,1909f56bfc062723c751e8b465ee728b)
Start importing Assets/Tiles/Tile_Shore_Big_Corner.prefab using Guid(a048ad436a1926c4191be62f83ae2e83) Importer(815301076,1909f56bfc062723c751e8b465ee728b)  -> (artifact id: 'c67ad0809be15ff22124f3b5fa2e0e62') in 0.046309 seconds 
========================================================================
Received Import Request.
  Time since last request: 4.887691 seconds.
  path: Assets/Tiles/Tile_Shore_Big_Corner.prefab
  artifactKey: Guid(a048ad436a1926c4191be62f83ae2e83) Importer(815301076,1909f56bfc062723c751e8b465ee728b)
Start importing Assets/Tiles/Tile_Shore_Big_Corner.prefab using Guid(a048ad436a1926c4191be62f83ae2e83) Importer(815301076,1909f56bfc062723c751e8b465ee728b)  -> (artifact id: 'fb1461016ded29df38aa8c1de5f0ee0f') in 0.024470 seconds 
========================================================================
Received Import Request.
  Time since last request: 67.796624 seconds.
  path: Assets/Tiles/Tile_Shore_Big_Corner.prefab
  artifactKey: Guid(a048ad436a1926c4191be62f83ae2e83) Importer(815301076,1909f56bfc062723c751e8b465ee728b)
Start importing Assets/Tiles/Tile_Shore_Big_Corner.prefab using Guid(a048ad436a1926c4191be62f83ae2e83) Importer(815301076,1909f56bfc062723c751e8b465ee728b)  -> (artifact id: 'c9d8794cccc57015e004c337a5bf8c8d') in 0.035476 seconds 
========================================================================
Received Import Request.
  Time since last request: 3.683281 seconds.
  path: Assets/Tiles/Tile_Shore_Little_Corner.prefab
  artifactKey: Guid(6d567c0ee8583d04a8e7e3a834d7058a) Importer(815301076,1909f56bfc062723c751e8b465ee728b)
Start importing Assets/Tiles/Tile_Shore_Little_Corner.prefab using Guid(6d567c0ee8583d04a8e7e3a834d7058a) Importer(815301076,1909f56bfc062723c751e8b465ee728b)  -> (artifact id: 'dc2fdcd810431e0898401425abbad99d') in 0.027256 seconds 
========================================================================
Received Import Request.
  Time since last request: 2.105580 seconds.
  path: Assets/Tiles/Tile_Shore_Straight.prefab
  artifactKey: Guid(b7faa459dea85614480df3bb3c4695a8) Importer(815301076,1909f56bfc062723c751e8b465ee728b)
Start importing Assets/Tiles/Tile_Shore_Straight.prefab using Guid(b7faa459dea85614480df3bb3c4695a8) Importer(815301076,1909f56bfc062723c751e8b465ee728b)  -> (artifact id: 'c88d997f950799b820f7da2cbab495f8') in 0.027024 seconds 
========================================================================
Received Import Request.
  Time since last request: 1.835864 seconds.
  path: Assets/Tiles/Tile_Water.prefab
  artifactKey: Guid(c1c8a5e644a8a66409f98e69ef59ed0e) Importer(815301076,1909f56bfc062723c751e8b465ee728b)
Start importing Assets/Tiles/Tile_Water.prefab using Guid(c1c8a5e644a8a66409f98e69ef59ed0e) Importer(815301076,1909f56bfc062723c751e8b465ee728b)  -> (artifact id: '38b0a68f79a8862071eb04fbf3c473d4') in 0.035439 seconds 
========================================================================
Received Import Request.
  Time since last request: 0.000017 seconds.
  path: Assets/Tiles/Tile_Shore_Little_Corner.prefab
  artifactKey: Guid(6d567c0ee8583d04a8e7e3a834d7058a) Importer(815301076,1909f56bfc062723c751e8b465ee728b)
Start importing Assets/Tiles/Tile_Shore_Little_Corner.prefab using Guid(6d567c0ee8583d04a8e7e3a834d7058a) Importer(815301076,1909f56bfc062723c751e8b465ee728b)  -> (artifact id: '0adb88805bb802f327fbc98ac7d439fd') in 0.027043 seconds 
========================================================================
Received Import Request.
  Time since last request: 0.000021 seconds.
  path: Assets/Tiles/Tile_Shore_Straight.prefab
  artifactKey: Guid(b7faa459dea85614480df3bb3c4695a8) Importer(815301076,1909f56bfc062723c751e8b465ee728b)
Start importing Assets/Tiles/Tile_Shore_Straight.prefab using Guid(b7faa459dea85614480df3bb3c4695a8) Importer(815301076,1909f56bfc062723c751e8b465ee728b)  -> (artifact id: 'e50e801d50c84e3e042ad563748f0c13') in 0.027073 seconds 
========================================================================
Received Prepare
Registering precompiled user dll's ...
Registered in 0.003021 seconds.
Begin MonoManager ReloadAssembly
Symbol file LoadedFromMemory doesn't match image D:\UnityProjects\Realm-Rush\Realm Rush\Library\PackageCache\com.unity.visualscripting@1.7.8\Editor\VisualScripting.Core\Dependencies\YamlDotNet\Unity.VisualScripting.YamlDotNet.dll
Symbol file LoadedFromMemory doesn't match image D:\UnityProjects\Realm-Rush\Realm Rush\Library\PackageCache\com.unity.visualscripting@1.7.8\Editor\VisualScripting.Core\Dependencies\DotNetZip\Unity.VisualScripting.IonicZip.dll
Native extension for WindowsStandalone target not found
Native extension for WebGL target not found
Refreshing native plugins compatible for Editor in 0.80 ms, found 3 plugins.
Preloading 0 native plugins for Editor in 0.00 ms.
Mono: successfully reloaded assembly
- Completed reload, in  0.759 seconds
Domain Reload Profiling:
	ReloadAssembly (760ms)
		BeginReloadAssembly (109ms)
			ExecutionOrderSort (0ms)
			DisableScriptedObjects (5ms)
			BackupInstance (0ms)
			ReleaseScriptingObjects (0ms)
			CreateAndSetChildDomain (35ms)
		EndReloadAssembly (584ms)
			LoadAssemblies (58ms)
			RebuildTransferFunctionScriptingTraits (0ms)
			SetupTypeCache (198ms)
			ReleaseScriptCaches (1ms)
			RebuildScriptCaches (33ms)
			SetupLoadedEditorAssemblies (254ms)
				LogAssemblyErrors (0ms)
				InitializePlatformSupportModulesInManaged (11ms)
				SetLoadedEditorAssemblies (0ms)
				RefreshPlugins (1ms)
				BeforeProcessingInitializeOnLoad (48ms)
				ProcessInitializeOnLoadAttributes (168ms)
				ProcessInitializeOnLoadMethodAttributes (23ms)
				AfterProcessingInitializeOnLoad (2ms)
				EditorAssembliesLoaded (0ms)
			ExecutionOrderSort2 (0ms)
			AwakeInstancesAfterBackupRestoration (9ms)
Platform modules already initialized, skipping
Refreshing native plugins compatible for Editor in 1.37 ms, found 3 plugins.
Preloading 0 native plugins for Editor in 0.00 ms.
Unloading 3372 Unused Serialized files (Serialized files now loaded: 0)
Unloading 20 unused Assets / (78.4 KB). Loaded Objects now: 3871.
Memory consumption went from 122.2 MB to 122.1 MB.
Total: 4.401500 ms (FindLiveObjects: 0.212200 ms CreateObjectMapping: 0.073300 ms MarkObjects: 3.955100 ms  DeleteObjects: 0.160000 ms)

AssetImportParameters requested are different than current active one (requested -> active):
  custom:video-decoder-ogg-theora: a1e56fd34408186e4bbccfd4996cb3dc -> 
  custom:container-muxer-webm: aa71ff27fc2769a1b78a27578f13a17b -> 
  custom:container-demuxer-webm: 4f35f7cbe854078d1ac9338744f61a02 -> 
  custom:video-encoder-webm-vp8: eb34c28f22e8b96e1ab97ce403110664 -> 
  custom:audio-encoder-webm-vorbis: bf7c407c2cedff20999df2af8eb42d56 -> 
  custom:framework-win-MediaFoundation: 216162199b28c13a410421893ffa2e32 -> 
  custom:container-demuxer-ogg: 62fdf1f143b41e24485cea50d1cbac27 -> 
  custom:video-decoder-webm-vp8: 9c59270c3fd7afecdb556c50c9e8de78 -> 
  custom:audio-decoder-ogg-vorbis: bf7c407c2cedff20999df2af8eb42d56 -> 
